<?xml version="1.0" encoding="UTF-8"?>
<testsuite xmlns:xsi="http://www.w3.org/2001/XMLSchema-instance" xsi:noNamespaceSchemaLocation="https://maven.apache.org/surefire/maven-surefire-plugin/xsd/surefire-test-report.xsd" version="3.0.2" name="com.vonader.tender_info_platform.TenderInfoPlatformApplicationTests" time="13.639" tests="1" errors="0" skipped="0" failures="0">
  <properties>
[...]
</properties>
  <testcase name="contextLoads" classname="com.vonader.tender_info_platform.TenderInfoPlatformApplicationTests" time="0.416">
    <system-out><![CDATA[09:44:14.790 [main] INFO org.springframework.test.context.support.AnnotationConfigContextLoaderUtils -- Could not detect default configuration classes for test class [com.vonader.tender_info_platform.TenderInfoPlatformApplicationTests]: TenderInfoPlatformApplicationTests does not declare any static, non-private, non-final, nested classes annotated with @Configuration.
09:44:14.918 [main] INFO org.springframework.boot.test.context.SpringBootTestContextBootstrapper -- Found @SpringBootConfiguration com.vonader.tender_info_platform.TenderInfoPlatformApplication for test class com.vonader.tender_info_platform.TenderInfoPlatformApplicationTests

  .   ____          _            __ _ _
 /\\ / ___'_ __ _ _(_)_ __  __ _ \ \ \ \
( ( )\___ | '_ | '_| | '_ \/ _` | \ \ \ \
 \\/  ___)| |_)| | | | | || (_| |  ) ) ) )
  '  |____| .__|_| |_|_| |_\__, | / / / /
 =========|_|==============|___/=/_/_/_/

 :: Spring Boot ::                (v3.4.7)

2025-08-25T09:44:15.458+08:00  INFO 115980 --- [           main] c.v.t.TenderInfoPlatformApplicationTests : Starting TenderInfoPlatformApplicationTests using Java 17.0.13 with PID 115980 (started by StonWat in A:\Praxis\Backend\tender-info-platform)
2025-08-25T09:44:15.460+08:00  INFO 115980 --- [           main] c.v.t.TenderInfoPlatformApplicationTests : No active profile set, falling back to 1 default profile: "default"
2025-08-25T09:44:16.188+08:00  INFO 115980 --- [           main] .s.d.r.c.RepositoryConfigurationDelegate : Bootstrapping Spring Data JPA repositories in DEFAULT mode.
2025-08-25T09:44:16.291+08:00  INFO 115980 --- [           main] .s.d.r.c.RepositoryConfigurationDelegate : Finished Spring Data repository scanning in 89 ms. Found 4 JPA repository interfaces.
2025-08-25T09:44:17.349+08:00  INFO 115980 --- [           main] o.hibernate.jpa.internal.util.LogHelper  : HHH000204: Processing PersistenceUnitInfo [name: default]
2025-08-25T09:44:17.468+08:00  INFO 115980 --- [           main] org.hibernate.Version                    : HHH000412: Hibernate ORM core version 6.6.18.Final
2025-08-25T09:44:17.545+08:00  INFO 115980 --- [           main] o.h.c.internal.RegionFactoryInitiator    : HHH000026: Second-level cache disabled
2025-08-25T09:44:18.027+08:00  INFO 115980 --- [           main] o.s.o.j.p.SpringPersistenceUnitInfo      : No LoadTimeWeaver setup: ignoring JPA class transformer
2025-08-25T09:44:18.080+08:00  INFO 115980 --- [           main] com.zaxxer.hikari.HikariDataSource       : HikariPool-1 - Starting...
2025-08-25T09:44:23.387+08:00  INFO 115980 --- [           main] com.zaxxer.hikari.pool.HikariPool        : HikariPool-1 - Added connection com.mysql.cj.jdbc.ConnectionImpl@629cbb1
2025-08-25T09:44:23.390+08:00  INFO 115980 --- [           main] com.zaxxer.hikari.HikariDataSource       : HikariPool-1 - Start completed.
2025-08-25T09:44:23.484+08:00  WARN 115980 --- [           main] org.hibernate.orm.deprecation            : HHH90000025: MySQL8Dialect does not need to be specified explicitly using 'hibernate.dialect' (remove the property setting and it will be selected by default)
2025-08-25T09:44:23.485+08:00  WARN 115980 --- [           main] org.hibernate.orm.deprecation            : HHH90000026: MySQL8Dialect has been deprecated; use org.hibernate.dialect.MySQLDialect instead
2025-08-25T09:44:23.509+08:00  INFO 115980 --- [           main] org.hibernate.orm.connections.pooling    : HHH10001005: Database info:
	Database JDBC URL [Connecting through datasource 'HikariDataSource (HikariPool-1)']
	Database driver: undefined/unknown
	Database version: 8.0
	Autocommit mode: undefined/unknown
	Isolation level: undefined/unknown
	Minimum pool size: undefined/unknown
	Maximum pool size: undefined/unknown
2025-08-25T09:44:24.404+08:00  INFO 115980 --- [           main] o.h.e.t.j.p.i.JtaPlatformInitiator       : HHH000489: No JTA platform available (set 'hibernate.transaction.jta.platform' to enable JTA platform integration)
2025-08-25T09:44:24.640+08:00  INFO 115980 --- [           main] j.LocalContainerEntityManagerFactoryBean : Initialized JPA EntityManagerFactory for persistence unit 'default'
2025-08-25T09:44:25.143+08:00  INFO 115980 --- [           main] o.s.d.j.r.query.QueryEnhancerFactory     : Hibernate is in classpath; If applicable, HQL parser will be used.
2025-08-25T09:44:26.902+08:00  WARN 115980 --- [           main] JpaBaseConfiguration$JpaWebConfiguration : spring.jpa.open-in-view is enabled by default. Therefore, database queries may be performed during view rendering. Explicitly configure spring.jpa.open-in-view to disable this warning
2025-08-25T09:44:27.818+08:00  INFO 115980 --- [           main] c.v.t.TenderInfoPlatformApplicationTests : Started TenderInfoPlatformApplicationTests in 12.722 seconds (process running for 13.704)
]]></system-out>
  </testcase>
</testsuite>